  [1m[36m (1.7ms)[0m  [1mCREATE TABLE "schema_migrations" ("version" varchar NOT NULL) [0m
  [1m[35m (0.1ms)[0m  select sqlite_version(*)
  [1m[36m (1.6ms)[0m  [1mCREATE UNIQUE INDEX "unique_schema_migrations" ON "schema_migrations" ("version")[0m
  [1m[35mActiveRecord::SchemaMigration Load (0.1ms)[0m  SELECT "schema_migrations".* FROM "schema_migrations"


Started GET "/" for ::1 at 2015-11-17 17:47:54 -0600
Processing by Rails::WelcomeController#index as HTML
  Rendered /Users/admin/.rvm/gems/ruby-2.1.2/gems/railties-4.2.3/lib/rails/templates/rails/welcome/index.html.erb (2.8ms)
Completed 200 OK in 27ms (Views: 19.4ms | ActiveRecord: 0.0ms)
  [1m[36mActiveRecord::SchemaMigration Load (0.1ms)[0m  [1mSELECT "schema_migrations".* FROM "schema_migrations"[0m
Migrating to CreateStudents (1)
  [1m[35m (0.1ms)[0m  begin transaction
  [1m[36m (0.4ms)[0m  [1mCREATE TABLE "students" ("id" INTEGER PRIMARY KEY AUTOINCREMENT NOT NULL, "first_name" varchar, "last_name" varchar, "created_at" datetime NOT NULL, "updated_at" datetime NOT NULL) [0m
  [1m[35mSQL (0.3ms)[0m  INSERT INTO "schema_migrations" ("version") VALUES (?)  [["version", "1"]]
  [1m[36m (1.4ms)[0m  [1mcommit transaction[0m
  [1m[35mActiveRecord::SchemaMigration Load (0.1ms)[0m  SELECT "schema_migrations".* FROM "schema_migrations"
  [1m[36m (0.1ms)[0m  [1mbegin transaction[0m
  [1m[35mSQL (0.3ms)[0m  INSERT INTO "students" ("first_name", "last_name", "created_at", "updated_at") VALUES (?, ?, ?, ?)  [["first_name", "Jordan"], ["last_name", "Hudgens"], ["created_at", "2015-11-18 00:10:55.545365"], ["updated_at", "2015-11-18 00:10:55.545365"]]
  [1m[36m (2.9ms)[0m  [1mcommit transaction[0m
  [1m[35mStudent Load (0.2ms)[0m  SELECT  "students".* FROM "students"  ORDER BY "students"."id" DESC LIMIT 1
  [1m[36m (0.1ms)[0m  [1mbegin transaction[0m
  [1m[35mSQL (0.3ms)[0m  INSERT INTO "students" ("created_at", "updated_at") VALUES (?, ?)  [["created_at", "2015-11-18 00:17:49.095449"], ["updated_at", "2015-11-18 00:17:49.095449"]]
  [1m[36m (1.2ms)[0m  [1mcommit transaction[0m
  [1m[35mStudent Load (0.2ms)[0m  SELECT  "students".* FROM "students"  ORDER BY "students"."id" DESC LIMIT 1
  [1m[36mActiveRecord::SchemaMigration Load (0.1ms)[0m  [1mSELECT "schema_migrations".* FROM "schema_migrations"[0m
  [1m[35mActiveRecord::SchemaMigration Load (0.1ms)[0m  SELECT "schema_migrations".* FROM "schema_migrations"


Started GET "/" for ::1 at 2015-11-18 13:36:42 -0600
  [1m[36mActiveRecord::SchemaMigration Load (0.1ms)[0m  [1mSELECT "schema_migrations".* FROM "schema_migrations"[0m
Processing by Rails::WelcomeController#index as HTML
  Rendered /Users/admin/.rvm/gems/ruby-2.1.2/gems/railties-4.2.3/lib/rails/templates/rails/welcome/index.html.erb (2.4ms)
Completed 200 OK in 39ms (Views: 24.5ms | ActiveRecord: 0.0ms)


Started GET "/" for ::1 at 2015-11-18 13:37:10 -0600
Processing by Rails::WelcomeController#index as HTML
  Rendered /Users/admin/.rvm/gems/ruby-2.1.2/gems/railties-4.2.3/lib/rails/templates/rails/welcome/index.html.erb (0.0ms)
Completed 200 OK in 1ms (Views: 0.7ms | ActiveRecord: 0.0ms)
  [1m[36mActiveRecord::SchemaMigration Load (0.1ms)[0m  [1mSELECT "schema_migrations".* FROM "schema_migrations"[0m
  [1m[35mActiveRecord::SchemaMigration Load (0.1ms)[0m  SELECT "schema_migrations".* FROM "schema_migrations"
  [1m[36mActiveRecord::SchemaMigration Load (0.1ms)[0m  [1mSELECT "schema_migrations".* FROM "schema_migrations"[0m
  [1m[35mActiveRecord::SchemaMigration Load (0.1ms)[0m  SELECT "schema_migrations".* FROM "schema_migrations"
  [1m[36mStudent Load (1.8ms)[0m  [1mSELECT "students".* FROM "students"[0m
  [1m[36m (12.5ms)[0m  [1mCREATE TABLE "schema_migrations" ("version" varchar NOT NULL) [0m
  [1m[35m (1.4ms)[0m  select sqlite_version(*)
  [1m[36m (4.4ms)[0m  [1mCREATE UNIQUE INDEX "unique_schema_migrations" ON "schema_migrations" ("version")[0m
  [1m[35mActiveRecord::SchemaMigration Load (0.1ms)[0m  SELECT "schema_migrations".* FROM "schema_migrations"
  [1m[36mActiveRecord::SchemaMigration Load (0.1ms)[0m  [1mSELECT "schema_migrations".* FROM "schema_migrations"[0m
Migrating to CreateStudents (1)
  [1m[35m (0.1ms)[0m  begin transaction
  [1m[36m (0.6ms)[0m  [1mCREATE TABLE "students" ("id" INTEGER PRIMARY KEY AUTOINCREMENT NOT NULL, "first_name" varchar, "last_name" varchar, "created_at" datetime NOT NULL, "updated_at" datetime NOT NULL) [0m
  [1m[35mSQL (0.3ms)[0m  INSERT INTO "schema_migrations" ("version") VALUES (?)  [["version", "1"]]
  [1m[36m (1.4ms)[0m  [1mcommit transaction[0m
  [1m[35mActiveRecord::SchemaMigration Load (0.1ms)[0m  SELECT "schema_migrations".* FROM "schema_migrations"
  [1m[36mActiveRecord::SchemaMigration Load (0.1ms)[0m  [1mSELECT "schema_migrations".* FROM "schema_migrations"[0m
  [1m[36mActiveRecord::SchemaMigration Load (0.1ms)[0m  [1mSELECT "schema_migrations".* FROM "schema_migrations"[0m
  [1m[36mActiveRecord::SchemaMigration Load (0.1ms)[0m  [1mSELECT "schema_migrations".* FROM "schema_migrations"[0m
  [1m[36mActiveRecord::SchemaMigration Load (0.1ms)[0m  [1mSELECT "schema_migrations".* FROM "schema_migrations"[0m
  [1m[35m (0.1ms)[0m  begin transaction
  [1m[36mSQL (1.5ms)[0m  [1mINSERT INTO "students" ("first_name", "last_name", "created_at", "updated_at") VALUES (?, ?, ?, ?)[0m  [["first_name", "Rick"], ["last_name", "Sanchez"], ["created_at", "2017-11-27 21:49:00.630782"], ["updated_at", "2017-11-27 21:49:00.630782"]]
  [1m[35m (1.0ms)[0m  commit transaction
  [1m[36m (0.1ms)[0m  [1mbegin transaction[0m
  [1m[35mSQL (0.3ms)[0m  INSERT INTO "students" ("first_name", "last_name", "created_at", "updated_at") VALUES (?, ?, ?, ?)  [["first_name", "Morty"], ["last_name", "Smith"], ["created_at", "2017-11-27 21:49:00.640060"], ["updated_at", "2017-11-27 21:49:00.640060"]]
  [1m[36m (0.8ms)[0m  [1mcommit transaction[0m
  [1m[36mStudent Load (1.3ms)[0m  [1mSELECT "students".* FROM "students"[0m
  [1m[36mActiveRecord::SchemaMigration Load (0.3ms)[0m  [1mSELECT "schema_migrations".* FROM "schema_migrations"[0m
  [1m[35mActiveRecord::SchemaMigration Load (0.1ms)[0m  SELECT "schema_migrations".* FROM "schema_migrations"
  [1m[36mActiveRecord::SchemaMigration Load (0.1ms)[0m  [1mSELECT "schema_migrations".* FROM "schema_migrations"[0m
  [1m[35m (0.0ms)[0m  begin transaction
  [1m[36mSQL (1.2ms)[0m  [1mINSERT INTO "students" ("first_name", "last_name", "created_at", "updated_at") VALUES (?, ?, ?, ?)[0m  [["first_name", "Rick"], ["last_name", "Sanchez"], ["created_at", "2017-11-27 21:50:33.278104"], ["updated_at", "2017-11-27 21:50:33.278104"]]
  [1m[35m (1.1ms)[0m  commit transaction
  [1m[36m (0.1ms)[0m  [1mbegin transaction[0m
  [1m[35mSQL (0.3ms)[0m  INSERT INTO "students" ("first_name", "last_name", "created_at", "updated_at") VALUES (?, ?, ?, ?)  [["first_name", "Morty"], ["last_name", "Smith"], ["created_at", "2017-11-27 21:50:33.287825"], ["updated_at", "2017-11-27 21:50:33.287825"]]
  [1m[36m (0.7ms)[0m  [1mcommit transaction[0m
  [1m[36m (1.3ms)[0m  [1mCREATE TABLE "schema_migrations" ("version" varchar NOT NULL) [0m
  [1m[35m (0.1ms)[0m  select sqlite_version(*)
  [1m[36m (1.3ms)[0m  [1mCREATE UNIQUE INDEX "unique_schema_migrations" ON "schema_migrations" ("version")[0m
  [1m[35mActiveRecord::SchemaMigration Load (0.1ms)[0m  SELECT "schema_migrations".* FROM "schema_migrations"
Migrating to CreateStudents (1)
  [1m[36m (0.1ms)[0m  [1mbegin transaction[0m
  [1m[35m (0.7ms)[0m  CREATE TABLE "students" ("id" INTEGER PRIMARY KEY AUTOINCREMENT NOT NULL, "first_name" varchar, "last_name" varchar, "created_at" datetime NOT NULL, "updated_at" datetime NOT NULL) 
  [1m[36mSQL (0.8ms)[0m  [1mINSERT INTO "schema_migrations" ("version") VALUES (?)[0m  [["version", "1"]]
  [1m[35m (1.4ms)[0m  commit transaction
  [1m[36mActiveRecord::SchemaMigration Load (0.6ms)[0m  [1mSELECT "schema_migrations".* FROM "schema_migrations"[0m
  [1m[36mActiveRecord::SchemaMigration Load (0.1ms)[0m  [1mSELECT "schema_migrations".* FROM "schema_migrations"[0m
  [1m[35m (0.0ms)[0m  begin transaction
  [1m[36mSQL (0.5ms)[0m  [1mINSERT INTO "students" ("first_name", "last_name", "created_at", "updated_at") VALUES (?, ?, ?, ?)[0m  [["first_name", "Rick"], ["last_name", "Sanchez"], ["created_at", "2017-11-27 21:51:05.201787"], ["updated_at", "2017-11-27 21:51:05.201787"]]
  [1m[35m (1.0ms)[0m  commit transaction
  [1m[36m (0.1ms)[0m  [1mbegin transaction[0m
  [1m[35mSQL (0.3ms)[0m  INSERT INTO "students" ("first_name", "last_name", "created_at", "updated_at") VALUES (?, ?, ?, ?)  [["first_name", "Morty"], ["last_name", "Smith"], ["created_at", "2017-11-27 21:51:05.207095"], ["updated_at", "2017-11-27 21:51:05.207095"]]
  [1m[36m (0.8ms)[0m  [1mcommit transaction[0m
  [1m[36mStudent Load (1.6ms)[0m  [1mSELECT "students".* FROM "students"[0m
  [1m[36mActiveRecord::SchemaMigration Load (0.1ms)[0m  [1mSELECT "schema_migrations".* FROM "schema_migrations"[0m
  [1m[35mActiveRecord::SchemaMigration Load (0.1ms)[0m  SELECT "schema_migrations".* FROM "schema_migrations"
  [1m[36mActiveRecord::SchemaMigration Load (0.1ms)[0m  [1mSELECT "schema_migrations".* FROM "schema_migrations"[0m
  [1m[35m (0.0ms)[0m  begin transaction
  [1m[36mSQL (0.4ms)[0m  [1mINSERT INTO "students" ("first_name", "last_name", "created_at", "updated_at") VALUES (?, ?, ?, ?)[0m  [["first_name", "Rick"], ["last_name", "Sanchez"], ["created_at", "2017-11-27 22:36:20.068511"], ["updated_at", "2017-11-27 22:36:20.068511"]]
  [1m[35m (0.8ms)[0m  commit transaction
  [1m[36m (0.0ms)[0m  [1mbegin transaction[0m
  [1m[35mSQL (0.4ms)[0m  INSERT INTO "students" ("first_name", "last_name", "created_at", "updated_at") VALUES (?, ?, ?, ?)  [["first_name", "Morty"], ["last_name", "Smith"], ["created_at", "2017-11-27 22:36:20.073040"], ["updated_at", "2017-11-27 22:36:20.073040"]]
  [1m[36m (0.9ms)[0m  [1mcommit transaction[0m
  [1m[36mStudent Load (1.4ms)[0m  [1mSELECT "students".* FROM "students"[0m
  [1m[36m (1.5ms)[0m  [1mCREATE TABLE "students" ("id" INTEGER PRIMARY KEY AUTOINCREMENT NOT NULL, "first_name" varchar, "last_name" varchar, "created_at" datetime NOT NULL, "updated_at" datetime NOT NULL) [0m
  [1m[35m (2.8ms)[0m  CREATE TABLE "schema_migrations" ("version" varchar NOT NULL) 
  [1m[36m (0.4ms)[0m  [1mselect sqlite_version(*)[0m
  [1m[35m (1.5ms)[0m  CREATE UNIQUE INDEX "unique_schema_migrations" ON "schema_migrations" ("version")
  [1m[36m (1.2ms)[0m  [1mSELECT version FROM "schema_migrations"[0m
  [1m[35m (1.5ms)[0m  INSERT INTO "schema_migrations" (version) VALUES ('1')
  [1m[36m (1.3ms)[0m  [1mCREATE TABLE "students" ("id" INTEGER PRIMARY KEY AUTOINCREMENT NOT NULL, "first_name" varchar, "last_name" varchar, "created_at" datetime NOT NULL, "updated_at" datetime NOT NULL) [0m
  [1m[35m (3.2ms)[0m  CREATE TABLE "schema_migrations" ("version" varchar NOT NULL) 
  [1m[36m (0.1ms)[0m  [1mselect sqlite_version(*)[0m
  [1m[35m (6.0ms)[0m  CREATE UNIQUE INDEX "unique_schema_migrations" ON "schema_migrations" ("version")
  [1m[36m (0.2ms)[0m  [1mSELECT version FROM "schema_migrations"[0m
  [1m[35m (1.3ms)[0m  INSERT INTO "schema_migrations" (version) VALUES ('1')
  [1m[36mActiveRecord::SchemaMigration Load (0.1ms)[0m  [1mSELECT "schema_migrations".* FROM "schema_migrations"[0m
  [1m[35m (0.1ms)[0m  begin transaction
  [1m[36mSQL (0.5ms)[0m  [1mINSERT INTO "students" ("first_name", "last_name", "created_at", "updated_at") VALUES (?, ?, ?, ?)[0m  [["first_name", "Rick"], ["last_name", "Sanchez"], ["created_at", "2017-11-28 14:57:46.121937"], ["updated_at", "2017-11-28 14:57:46.121937"]]
  [1m[35m (1.0ms)[0m  commit transaction
  [1m[36m (0.2ms)[0m  [1mbegin transaction[0m
  [1m[35mSQL (0.9ms)[0m  INSERT INTO "students" ("first_name", "last_name", "created_at", "updated_at") VALUES (?, ?, ?, ?)  [["first_name", "Morty"], ["last_name", "Smith"], ["created_at", "2017-11-28 14:57:46.128328"], ["updated_at", "2017-11-28 14:57:46.128328"]]
  [1m[36m (1.4ms)[0m  [1mcommit transaction[0m
  [1m[36m (1.3ms)[0m  [1mCREATE TABLE "schema_migrations" ("version" varchar NOT NULL) [0m
  [1m[35m (0.1ms)[0m  select sqlite_version(*)
  [1m[36m (1.2ms)[0m  [1mCREATE UNIQUE INDEX "unique_schema_migrations" ON "schema_migrations" ("version")[0m
  [1m[35mActiveRecord::SchemaMigration Load (0.1ms)[0m  SELECT "schema_migrations".* FROM "schema_migrations"
Migrating to CreateStudents (1)
  [1m[36m (0.1ms)[0m  [1mbegin transaction[0m
  [1m[35m (0.7ms)[0m  CREATE TABLE "students" ("id" INTEGER PRIMARY KEY AUTOINCREMENT NOT NULL, "first_name" varchar, "last_name" varchar, "created_at" datetime NOT NULL, "updated_at" datetime NOT NULL) 
  [1m[36mSQL (0.2ms)[0m  [1mINSERT INTO "schema_migrations" ("version") VALUES (?)[0m  [["version", "1"]]
  [1m[35m (1.1ms)[0m  commit transaction
  [1m[36mActiveRecord::SchemaMigration Load (0.1ms)[0m  [1mSELECT "schema_migrations".* FROM "schema_migrations"[0m
  [1m[36m (1.7ms)[0m  [1mCREATE TABLE "schema_migrations" ("version" varchar NOT NULL) [0m
  [1m[35m (0.2ms)[0m  select sqlite_version(*)
  [1m[36m (1.0ms)[0m  [1mCREATE UNIQUE INDEX "unique_schema_migrations" ON "schema_migrations" ("version")[0m
  [1m[35mActiveRecord::SchemaMigration Load (0.1ms)[0m  SELECT "schema_migrations".* FROM "schema_migrations"
Migrating to CreateStudents (1)
  [1m[36m (0.1ms)[0m  [1mbegin transaction[0m
  [1m[35m (0.4ms)[0m  CREATE TABLE "students" ("id" INTEGER PRIMARY KEY AUTOINCREMENT NOT NULL, "first_name" varchar, "last_name" varchar, "created_at" datetime NOT NULL, "updated_at" datetime NOT NULL) 
  [1m[36mSQL (0.3ms)[0m  [1mINSERT INTO "schema_migrations" ("version") VALUES (?)[0m  [["version", "1"]]
  [1m[35m (0.9ms)[0m  commit transaction
  [1m[36mActiveRecord::SchemaMigration Load (0.2ms)[0m  [1mSELECT "schema_migrations".* FROM "schema_migrations"[0m
  [1m[36mActiveRecord::SchemaMigration Load (0.2ms)[0m  [1mSELECT "schema_migrations".* FROM "schema_migrations"[0m
  [1m[35m (0.1ms)[0m  begin transaction
  [1m[36mSQL (0.5ms)[0m  [1mINSERT INTO "students" ("first_name", "last_name", "created_at", "updated_at") VALUES (?, ?, ?, ?)[0m  [["first_name", "Rick"], ["last_name", "Sanchez"], ["created_at", "2017-11-28 15:01:02.840734"], ["updated_at", "2017-11-28 15:01:02.840734"]]
  [1m[35m (0.9ms)[0m  commit transaction
  [1m[36m (0.1ms)[0m  [1mbegin transaction[0m
  [1m[35mSQL (0.3ms)[0m  INSERT INTO "students" ("first_name", "last_name", "created_at", "updated_at") VALUES (?, ?, ?, ?)  [["first_name", "Morty"], ["last_name", "Smith"], ["created_at", "2017-11-28 15:01:02.845645"], ["updated_at", "2017-11-28 15:01:02.845645"]]
  [1m[36m (0.8ms)[0m  [1mcommit transaction[0m
  [1m[36mActiveRecord::SchemaMigration Load (0.1ms)[0m  [1mSELECT "schema_migrations".* FROM "schema_migrations"[0m
  [1m[35mActiveRecord::SchemaMigration Load (0.1ms)[0m  SELECT "schema_migrations".* FROM "schema_migrations"
  [1m[36mActiveRecord::SchemaMigration Load (0.1ms)[0m  [1mSELECT "schema_migrations".* FROM "schema_migrations"[0m
  [1m[35m (0.1ms)[0m  begin transaction
  [1m[36mSQL (0.5ms)[0m  [1mINSERT INTO "students" ("first_name", "last_name", "created_at", "updated_at") VALUES (?, ?, ?, ?)[0m  [["first_name", "Rick"], ["last_name", "Sanchez"], ["created_at", "2018-02-24 17:09:59.355720"], ["updated_at", "2018-02-24 17:09:59.355720"]]
  [1m[35m (1.8ms)[0m  commit transaction
  [1m[36m (0.1ms)[0m  [1mbegin transaction[0m
  [1m[35mSQL (0.4ms)[0m  INSERT INTO "students" ("first_name", "last_name", "created_at", "updated_at") VALUES (?, ?, ?, ?)  [["first_name", "Morty"], ["last_name", "Smith"], ["created_at", "2018-02-24 17:09:59.360059"], ["updated_at", "2018-02-24 17:09:59.360059"]]
  [1m[36m (0.8ms)[0m  [1mcommit transaction[0m


Started GET "/posts/2" for ::1 at 2018-02-24 12:12:38 -0500
  [1m[36mActiveRecord::SchemaMigration Load (0.1ms)[0m  [1mSELECT "schema_migrations".* FROM "schema_migrations"[0m

ActionController::RoutingError (No route matches [GET] "/posts/2"):
  actionpack (4.2.10) lib/action_dispatch/middleware/debug_exceptions.rb:21:in `call'
  actionpack (4.2.10) lib/action_dispatch/middleware/show_exceptions.rb:30:in `call'
  railties (4.2.10) lib/rails/rack/logger.rb:38:in `call_app'
  railties (4.2.10) lib/rails/rack/logger.rb:20:in `block in call'
  activesupport (4.2.10) lib/active_support/tagged_logging.rb:68:in `block in tagged'
  activesupport (4.2.10) lib/active_support/tagged_logging.rb:26:in `tagged'
  activesupport (4.2.10) lib/active_support/tagged_logging.rb:68:in `tagged'
  railties (4.2.10) lib/rails/rack/logger.rb:20:in `call'
  actionpack (4.2.10) lib/action_dispatch/middleware/request_id.rb:21:in `call'
  rack (1.6.8) lib/rack/methodoverride.rb:22:in `call'
  rack (1.6.8) lib/rack/runtime.rb:18:in `call'
  activesupport (4.2.10) lib/active_support/cache/strategy/local_cache_middleware.rb:28:in `call'
  rack (1.6.8) lib/rack/lock.rb:17:in `call'
  actionpack (4.2.10) lib/action_dispatch/middleware/static.rb:120:in `call'
  rack (1.6.8) lib/rack/sendfile.rb:113:in `call'
  railties (4.2.10) lib/rails/engine.rb:518:in `call'
  railties (4.2.10) lib/rails/application.rb:165:in `call'
  rack (1.6.8) lib/rack/lock.rb:17:in `call'
  rack (1.6.8) lib/rack/content_length.rb:15:in `call'
  rack (1.6.8) lib/rack/handler/webrick.rb:88:in `service'
  /Users/jy/.rvm/rubies/ruby-2.3.3/lib/ruby/2.3.0/webrick/httpserver.rb:140:in `service'
  /Users/jy/.rvm/rubies/ruby-2.3.3/lib/ruby/2.3.0/webrick/httpserver.rb:96:in `run'
  /Users/jy/.rvm/rubies/ruby-2.3.3/lib/ruby/2.3.0/webrick/server.rb:296:in `block in start_thread'


  Rendered /Users/jy/.rvm/gems/ruby-2.3.3/gems/actionpack-4.2.10/lib/action_dispatch/middleware/templates/rescues/_trace.html.erb (3.0ms)
  Rendered /Users/jy/.rvm/gems/ruby-2.3.3/gems/actionpack-4.2.10/lib/action_dispatch/middleware/templates/routes/_route.html.erb (1.0ms)
  Rendered /Users/jy/.rvm/gems/ruby-2.3.3/gems/actionpack-4.2.10/lib/action_dispatch/middleware/templates/routes/_table.html.erb (20.3ms)
  Rendered /Users/jy/.rvm/gems/ruby-2.3.3/gems/actionpack-4.2.10/lib/action_dispatch/middleware/templates/rescues/_request_and_response.html.erb (13.5ms)
  Rendered /Users/jy/.rvm/gems/ruby-2.3.3/gems/actionpack-4.2.10/lib/action_dispatch/middleware/templates/rescues/routing_error.html.erb within rescues/layout (183.2ms)


Started GET "/students" for ::1 at 2018-02-24 12:12:44 -0500

AbstractController::ActionNotFound (The action 'index' could not be found for StudentsController):
  actionpack (4.2.10) lib/abstract_controller/base.rb:132:in `process'
  actionview (4.2.10) lib/action_view/rendering.rb:30:in `process'
  actionpack (4.2.10) lib/action_controller/metal.rb:196:in `dispatch'
  actionpack (4.2.10) lib/action_controller/metal/rack_delegation.rb:13:in `dispatch'
  actionpack (4.2.10) lib/action_controller/metal.rb:237:in `block in action'
  actionpack (4.2.10) lib/action_dispatch/routing/route_set.rb:74:in `dispatch'
  actionpack (4.2.10) lib/action_dispatch/routing/route_set.rb:43:in `serve'
  actionpack (4.2.10) lib/action_dispatch/journey/router.rb:43:in `block in serve'
  actionpack (4.2.10) lib/action_dispatch/journey/router.rb:30:in `each'
  actionpack (4.2.10) lib/action_dispatch/journey/router.rb:30:in `serve'
  actionpack (4.2.10) lib/action_dispatch/routing/route_set.rb:817:in `call'
  rack (1.6.8) lib/rack/etag.rb:24:in `call'
  rack (1.6.8) lib/rack/conditionalget.rb:25:in `call'
  rack (1.6.8) lib/rack/head.rb:13:in `call'
  actionpack (4.2.10) lib/action_dispatch/middleware/params_parser.rb:27:in `call'
  actionpack (4.2.10) lib/action_dispatch/middleware/flash.rb:260:in `call'
  rack (1.6.8) lib/rack/session/abstract/id.rb:225:in `context'
  rack (1.6.8) lib/rack/session/abstract/id.rb:220:in `call'
  actionpack (4.2.10) lib/action_dispatch/middleware/cookies.rb:560:in `call'
  activerecord (4.2.10) lib/active_record/query_cache.rb:36:in `call'
  activerecord (4.2.10) lib/active_record/connection_adapters/abstract/connection_pool.rb:653:in `call'
  activerecord (4.2.10) lib/active_record/migration.rb:377:in `call'
  actionpack (4.2.10) lib/action_dispatch/middleware/callbacks.rb:29:in `block in call'
  activesupport (4.2.10) lib/active_support/callbacks.rb:88:in `__run_callbacks__'
  activesupport (4.2.10) lib/active_support/callbacks.rb:778:in `_run_call_callbacks'
  activesupport (4.2.10) lib/active_support/callbacks.rb:81:in `run_callbacks'
  actionpack (4.2.10) lib/action_dispatch/middleware/callbacks.rb:27:in `call'
  actionpack (4.2.10) lib/action_dispatch/middleware/reloader.rb:73:in `call'
  actionpack (4.2.10) lib/action_dispatch/middleware/remote_ip.rb:78:in `call'
  actionpack (4.2.10) lib/action_dispatch/middleware/debug_exceptions.rb:17:in `call'
  actionpack (4.2.10) lib/action_dispatch/middleware/show_exceptions.rb:30:in `call'
  railties (4.2.10) lib/rails/rack/logger.rb:38:in `call_app'
  railties (4.2.10) lib/rails/rack/logger.rb:20:in `block in call'
  activesupport (4.2.10) lib/active_support/tagged_logging.rb:68:in `block in tagged'
  activesupport (4.2.10) lib/active_support/tagged_logging.rb:26:in `tagged'
  activesupport (4.2.10) lib/active_support/tagged_logging.rb:68:in `tagged'
  railties (4.2.10) lib/rails/rack/logger.rb:20:in `call'
  actionpack (4.2.10) lib/action_dispatch/middleware/request_id.rb:21:in `call'
  rack (1.6.8) lib/rack/methodoverride.rb:22:in `call'
  rack (1.6.8) lib/rack/runtime.rb:18:in `call'
  activesupport (4.2.10) lib/active_support/cache/strategy/local_cache_middleware.rb:28:in `call'
  rack (1.6.8) lib/rack/lock.rb:17:in `call'
  actionpack (4.2.10) lib/action_dispatch/middleware/static.rb:120:in `call'
  rack (1.6.8) lib/rack/sendfile.rb:113:in `call'
  railties (4.2.10) lib/rails/engine.rb:518:in `call'
  railties (4.2.10) lib/rails/application.rb:165:in `call'
  rack (1.6.8) lib/rack/lock.rb:17:in `call'
  rack (1.6.8) lib/rack/content_length.rb:15:in `call'
  rack (1.6.8) lib/rack/handler/webrick.rb:88:in `service'
  /Users/jy/.rvm/rubies/ruby-2.3.3/lib/ruby/2.3.0/webrick/httpserver.rb:140:in `service'
  /Users/jy/.rvm/rubies/ruby-2.3.3/lib/ruby/2.3.0/webrick/httpserver.rb:96:in `run'
  /Users/jy/.rvm/rubies/ruby-2.3.3/lib/ruby/2.3.0/webrick/server.rb:296:in `block in start_thread'


  Rendered /Users/jy/.rvm/gems/ruby-2.3.3/gems/actionpack-4.2.10/lib/action_dispatch/middleware/templates/rescues/unknown_action.html.erb within rescues/layout (0.4ms)


Started GET "/students" for ::1 at 2018-02-24 12:14:07 -0500
Processing by StudentsController#index as HTML
  Rendered students/index.html.erb within layouts/application (0.3ms)
Completed 200 OK in 418ms (Views: 416.9ms | ActiveRecord: 0.0ms)


Started GET "/students" for ::1 at 2018-02-24 12:14:19 -0500
Processing by StudentsController#index as HTML
  Rendered students/index.html.erb within layouts/application (0.1ms)
Completed 200 OK in 20ms (Views: 19.2ms | ActiveRecord: 0.0ms)


Started GET "/students" for ::1 at 2018-02-24 12:17:17 -0500
Processing by StudentsController#index as HTML
  [1m[35mStudent Load (0.3ms)[0m  SELECT "students".* FROM "students"
  Rendered students/index.html.erb within layouts/application (15.3ms)
Completed 500 Internal Server Error in 27ms (ActiveRecord: 0.6ms)

ActionView::Template::Error (undefined method `name' for #<Student:0x007f7eef81b418>):
    1: <h1>STUDENTS</h1>
    2: 
    3: <% @students.each do |student| %>
    4:   <%= student.name %>
    5: <% end %>
  app/views/students/index.html.erb:4:in `block in _app_views_students_index_html_erb__238424020269996541_70091541284080'
  app/views/students/index.html.erb:3:in `_app_views_students_index_html_erb__238424020269996541_70091541284080'


  Rendered /Users/jy/.rvm/gems/ruby-2.3.3/gems/actionpack-4.2.10/lib/action_dispatch/middleware/templates/rescues/_source.erb (7.1ms)
  Rendered /Users/jy/.rvm/gems/ruby-2.3.3/gems/actionpack-4.2.10/lib/action_dispatch/middleware/templates/rescues/_trace.html.erb (2.3ms)
  Rendered /Users/jy/.rvm/gems/ruby-2.3.3/gems/actionpack-4.2.10/lib/action_dispatch/middleware/templates/rescues/_request_and_response.html.erb (0.9ms)
  Rendered /Users/jy/.rvm/gems/ruby-2.3.3/gems/actionpack-4.2.10/lib/action_dispatch/middleware/templates/rescues/template_error.html.erb within rescues/layout (83.9ms)


Started GET "/students" for ::1 at 2018-02-24 12:17:37 -0500
Processing by StudentsController#index as HTML
  [1m[36mStudent Load (0.3ms)[0m  [1mSELECT "students".* FROM "students"[0m
  [1m[35mCACHE (0.0ms)[0m  SELECT "students".* FROM "students"
Completed 500 Internal Server Error in 58879ms (ActiveRecord: 0.7ms)

SystemExit (exit):
  app/controllers/students_controller.rb:5:in `index'


  Rendered /Users/jy/.rvm/gems/ruby-2.3.3/gems/actionpack-4.2.10/lib/action_dispatch/middleware/templates/rescues/_source.erb (185.6ms)
  Rendered /Users/jy/.rvm/gems/ruby-2.3.3/gems/actionpack-4.2.10/lib/action_dispatch/middleware/templates/rescues/_trace.html.erb (46.3ms)
  Rendered /Users/jy/.rvm/gems/ruby-2.3.3/gems/actionpack-4.2.10/lib/action_dispatch/middleware/templates/rescues/_request_and_response.html.erb (4.3ms)
  Rendered /Users/jy/.rvm/gems/ruby-2.3.3/gems/actionpack-4.2.10/lib/action_dispatch/middleware/templates/rescues/diagnostics.html.erb within rescues/layout (336.7ms)


Started GET "/students" for ::1 at 2018-02-24 12:18:37 -0500
Processing by StudentsController#index as HTML
  [1m[36mStudent Load (0.7ms)[0m  [1mSELECT "students".* FROM "students"[0m
  Rendered students/index.html.erb within layouts/application (77.3ms)
Completed 500 Internal Server Error in 111ms (ActiveRecord: 3.3ms)

ActionView::Template::Error (undefined method `pry' for #<Binding:0x007f7ef0dc6ba0>
Did you mean?  try):
    1: <h1>STUDENTS</h1>
    2: 
    3: <% @students.each do |student| %>
    4:   <% binding.pry %>
    5:   <%= student.name %>
    6: <% end %>
  app/views/students/index.html.erb:4:in `block in _app_views_students_index_html_erb__238424020269996541_70091582537180'
  app/views/students/index.html.erb:3:in `_app_views_students_index_html_erb__238424020269996541_70091582537180'


  Rendered /Users/jy/.rvm/gems/ruby-2.3.3/gems/actionpack-4.2.10/lib/action_dispatch/middleware/templates/rescues/_source.erb (225.4ms)
  Rendered /Users/jy/.rvm/gems/ruby-2.3.3/gems/actionpack-4.2.10/lib/action_dispatch/middleware/templates/rescues/_trace.html.erb (54.3ms)
  Rendered /Users/jy/.rvm/gems/ruby-2.3.3/gems/actionpack-4.2.10/lib/action_dispatch/middleware/templates/rescues/_request_and_response.html.erb (4.3ms)
  Rendered /Users/jy/.rvm/gems/ruby-2.3.3/gems/actionpack-4.2.10/lib/action_dispatch/middleware/templates/rescues/template_error.html.erb within rescues/layout (369.5ms)


Started GET "/students" for ::1 at 2018-02-24 12:18:47 -0500
Processing by StudentsController#index as HTML
  [1m[35mStudent Load (0.6ms)[0m  SELECT "students".* FROM "students"
  Rendered students/index.html.erb within layouts/application (54.7ms)
Completed 500 Internal Server Error in 68ms (ActiveRecord: 0.6ms)

ActionView::Template::Error (undefined method `pry' for #<Binding:0x007f7eecb893f0>
Did you mean?  try):
    1: <h1>STUDENTS</h1>
    2: 
    3: <% @students.each do |student| %>
    4:   <%= binding.pry %>
    5:   <%= student.name %>
    6: <% end %>
  app/views/students/index.html.erb:4:in `block in _app_views_students_index_html_erb__238424020269996541_70091590655640'
  app/views/students/index.html.erb:3:in `_app_views_students_index_html_erb__238424020269996541_70091590655640'


  Rendered /Users/jy/.rvm/gems/ruby-2.3.3/gems/actionpack-4.2.10/lib/action_dispatch/middleware/templates/rescues/_source.erb (242.6ms)
  Rendered /Users/jy/.rvm/gems/ruby-2.3.3/gems/actionpack-4.2.10/lib/action_dispatch/middleware/templates/rescues/_trace.html.erb (62.0ms)
  Rendered /Users/jy/.rvm/gems/ruby-2.3.3/gems/actionpack-4.2.10/lib/action_dispatch/middleware/templates/rescues/_request_and_response.html.erb (4.4ms)
  Rendered /Users/jy/.rvm/gems/ruby-2.3.3/gems/actionpack-4.2.10/lib/action_dispatch/middleware/templates/rescues/template_error.html.erb within rescues/layout (402.3ms)


Started GET "/students" for ::1 at 2018-02-24 12:18:58 -0500
Processing by StudentsController#index as HTML
  [1m[36mStudent Load (0.6ms)[0m  [1mSELECT "students".* FROM "students"[0m
  Rendered students/index.html.erb within layouts/application (13365.0ms)
Completed 500 Internal Server Error in 13378ms (ActiveRecord: 0.6ms)

SystemExit (exit):
  app/views/students/index.html.erb:4:in `block in _app_views_students_index_html_erb__238424020269996541_70091558163520'
  app/views/students/index.html.erb:3:in `_app_views_students_index_html_erb__238424020269996541_70091558163520'


  Rendered /Users/jy/.rvm/gems/ruby-2.3.3/gems/actionpack-4.2.10/lib/action_dispatch/middleware/templates/rescues/_source.erb (250.5ms)
  Rendered /Users/jy/.rvm/gems/ruby-2.3.3/gems/actionpack-4.2.10/lib/action_dispatch/middleware/templates/rescues/_trace.html.erb (58.8ms)
  Rendered /Users/jy/.rvm/gems/ruby-2.3.3/gems/actionpack-4.2.10/lib/action_dispatch/middleware/templates/rescues/_request_and_response.html.erb (12.4ms)
  Rendered /Users/jy/.rvm/gems/ruby-2.3.3/gems/actionpack-4.2.10/lib/action_dispatch/middleware/templates/rescues/diagnostics.html.erb within rescues/layout (409.3ms)


Started GET "/students" for ::1 at 2018-02-24 12:19:23 -0500
Processing by StudentsController#index as HTML
  [1m[35mStudent Load (0.5ms)[0m  SELECT "students".* FROM "students"
  Rendered students/index.html.erb within layouts/application (193.5ms)
Completed 500 Internal Server Error in 206ms (ActiveRecord: 0.5ms)

ActionView::Template::Error (undefined method `name' for #<Student:0x007f7eefba5bb0>):
    1: <h1>STUDENTS</h1>
    2: 
    3: <% @students.each do |student| %>
    4:   <%= student.name %>
    5: <% end %>
  app/views/students/index.html.erb:4:in `block in _app_views_students_index_html_erb__238424020269996541_70091557897560'
  app/views/students/index.html.erb:3:in `_app_views_students_index_html_erb__238424020269996541_70091557897560'


  Rendered /Users/jy/.rvm/gems/ruby-2.3.3/gems/actionpack-4.2.10/lib/action_dispatch/middleware/templates/rescues/_source.erb (206.2ms)
  Rendered /Users/jy/.rvm/gems/ruby-2.3.3/gems/actionpack-4.2.10/lib/action_dispatch/middleware/templates/rescues/_trace.html.erb (49.2ms)
  Rendered /Users/jy/.rvm/gems/ruby-2.3.3/gems/actionpack-4.2.10/lib/action_dispatch/middleware/templates/rescues/_request_and_response.html.erb (10.5ms)
  Rendered /Users/jy/.rvm/gems/ruby-2.3.3/gems/actionpack-4.2.10/lib/action_dispatch/middleware/templates/rescues/template_error.html.erb within rescues/layout (354.2ms)


Started GET "/students" for ::1 at 2018-02-24 12:19:58 -0500
Processing by StudentsController#index as HTML
Completed 500 Internal Server Error in 8ms (ActiveRecord: 0.0ms)

SystemExit (exit):
  app/controllers/students_controller.rb:5:in `index'


  Rendered /Users/jy/.rvm/gems/ruby-2.3.3/gems/actionpack-4.2.10/lib/action_dispatch/middleware/templates/rescues/_source.erb (153.4ms)
  Rendered /Users/jy/.rvm/gems/ruby-2.3.3/gems/actionpack-4.2.10/lib/action_dispatch/middleware/templates/rescues/_trace.html.erb (42.6ms)
  Rendered /Users/jy/.rvm/gems/ruby-2.3.3/gems/actionpack-4.2.10/lib/action_dispatch/middleware/templates/rescues/_request_and_response.html.erb (3.1ms)
  Rendered /Users/jy/.rvm/gems/ruby-2.3.3/gems/actionpack-4.2.10/lib/action_dispatch/middleware/templates/rescues/diagnostics.html.erb within rescues/layout (288.0ms)


Started GET "/students" for ::1 at 2018-02-24 12:20:11 -0500
Processing by StudentsController#index as HTML
  [1m[36mStudent Load (0.3ms)[0m  [1mSELECT "students".* FROM "students"[0m
  [1m[35mStudent Load (0.3ms)[0m  SELECT  "students".* FROM "students"  ORDER BY "students"."id" ASC LIMIT 1
  [1m[36mCACHE (0.0ms)[0m  [1mSELECT  "students".* FROM "students"  ORDER BY "students"."id" ASC LIMIT 1[0m
  [1m[35mCACHE (0.0ms)[0m  SELECT  "students".* FROM "students"  ORDER BY "students"."id" ASC LIMIT 1
Completed 500 Internal Server Error in 53240ms (ActiveRecord: 0.9ms)

SystemExit (exit):
  app/controllers/students_controller.rb:6:in `index'


  Rendered /Users/jy/.rvm/gems/ruby-2.3.3/gems/actionpack-4.2.10/lib/action_dispatch/middleware/templates/rescues/_source.erb (143.6ms)
  Rendered /Users/jy/.rvm/gems/ruby-2.3.3/gems/actionpack-4.2.10/lib/action_dispatch/middleware/templates/rescues/_trace.html.erb (38.3ms)
  Rendered /Users/jy/.rvm/gems/ruby-2.3.3/gems/actionpack-4.2.10/lib/action_dispatch/middleware/templates/rescues/_request_and_response.html.erb (3.2ms)
  Rendered /Users/jy/.rvm/gems/ruby-2.3.3/gems/actionpack-4.2.10/lib/action_dispatch/middleware/templates/rescues/diagnostics.html.erb within rescues/layout (268.5ms)


Started GET "/students" for ::1 at 2018-02-24 12:21:07 -0500
Processing by StudentsController#index as HTML
  [1m[36mStudent Load (0.6ms)[0m  [1mSELECT "students".* FROM "students"[0m
  Rendered students/index.html.erb within layouts/application (30.9ms)
Completed 200 OK in 154ms (Views: 139.2ms | ActiveRecord: 1.9ms)


Started GET "/students" for ::1 at 2018-02-24 12:21:22 -0500
Processing by StudentsController#index as HTML
  [1m[35mStudent Load (0.9ms)[0m  SELECT "students".* FROM "students"
  Rendered students/index.html.erb within layouts/application (16.5ms)
Completed 200 OK in 195ms (Views: 189.5ms | ActiveRecord: 0.9ms)
